<?xml version="1.0" encoding="UTF-8"?>
<testng-results ignored="0" total="2" passed="2" failed="0" skipped="0">
  <reporter-output>
  </reporter-output>
  <suite started-at="2025-01-26T12:48:16 IST" name="Suite" finished-at="2025-01-26T12:49:21 IST" duration-ms="65446">
    <groups>
    </groups>
    <test started-at="2025-01-26T12:48:16 IST" name="Test" finished-at="2025-01-26T12:49:21 IST" duration-ms="65446">
      <class name="com.virtusa.TestNG.VerifyLogoTest">
        <test-method is-config="true" signature="setup()[pri:0, instance:com.virtusa.TestNG.VerifyLogoTest@3b07a0d6]" started-at="2025-01-26T12:48:45 IST" name="setup" finished-at="2025-01-26T12:48:51 IST" duration-ms="6293" status="PASS">
          <reporter-output>
          </reporter-output>
        </test-method> <!-- setup -->
        <test-method signature="verifyLogoPresence()[pri:0, instance:com.virtusa.TestNG.VerifyLogoTest@3b07a0d6]" started-at="2025-01-26T12:48:51 IST" name="verifyLogoPresence" finished-at="2025-01-26T12:48:51 IST" duration-ms="122" status="PASS">
          <reporter-output>
          </reporter-output>
        </test-method> <!-- verifyLogoPresence -->
        <test-method is-config="true" signature="teardown()[pri:0, instance:com.virtusa.TestNG.VerifyLogoTest@3b07a0d6]" started-at="2025-01-26T12:48:51 IST" name="teardown" finished-at="2025-01-26T12:49:21 IST" duration-ms="30070" status="PASS">
          <reporter-output>
          </reporter-output>
        </test-method> <!-- teardown -->
      </class> <!-- com.virtusa.TestNG.VerifyLogoTest -->
      <class name="com.virtusa.TestNG.SelectOneWayTest">
        <test-method is-config="true" signature="setup()[pri:0, instance:com.virtusa.TestNG.SelectOneWayTest@290d210d]" started-at="2025-01-26T12:48:16 IST" name="setup" finished-at="2025-01-26T12:48:26 IST" duration-ms="10693" status="PASS">
          <reporter-output>
          </reporter-output>
        </test-method> <!-- setup -->
        <test-method signature="testOneWayFlightSelection()[pri:0, instance:com.virtusa.TestNG.SelectOneWayTest@290d210d]" started-at="2025-01-26T12:48:26 IST" name="testOneWayFlightSelection" finished-at="2025-01-26T12:48:43 IST" duration-ms="17012" status="PASS">
          <reporter-output>
          </reporter-output>
        </test-method> <!-- testOneWayFlightSelection -->
        <test-method is-config="true" signature="tearDown()[pri:0, instance:com.virtusa.TestNG.SelectOneWayTest@290d210d]" started-at="2025-01-26T12:48:43 IST" name="tearDown" finished-at="2025-01-26T12:48:45 IST" duration-ms="1198" status="PASS">
          <reporter-output>
          </reporter-output>
        </test-method> <!-- tearDown -->
      </class> <!-- com.virtusa.TestNG.SelectOneWayTest -->
    </test> <!-- Test -->
  </suite> <!-- Suite -->
</testng-results>
